<?xml version="1.0" encoding="UTF-8"?>
<testng-results ignored="0" total="2" passed="2" failed="0" skipped="0">
  <reporter-output>
  </reporter-output>
  <suite started-at="2024-01-07T04:58:00 GMT-05:00" name="Suite" finished-at="2024-01-07T04:58:52 GMT-05:00" duration-ms="52340">
    <groups>
    </groups>
    <test started-at="2024-01-07T04:58:00 GMT-05:00" name="ChromeTest" finished-at="2024-01-07T04:58:12 GMT-05:00" duration-ms="12663">
      <class name="qa.test.TestCase1">
        <test-method is-config="true" signature="beforeTestMethod()[pri:0, instance:qa.test.TestCase1@3e8c3cb]" started-at="2024-01-07T04:58:00 GMT-05:00" name="beforeTestMethod" finished-at="2024-01-07T04:58:00 GMT-05:00" duration-ms="392" status="PASS">
          <reporter-output>
          </reporter-output>
        </test-method> <!-- beforeTestMethod -->
        <test-method is-config="true" signature="beforeMethod(java.lang.String,java.lang.reflect.Method)[pri:0, instance:qa.test.TestCase1@3e8c3cb]" started-at="2024-01-07T04:58:00 GMT-05:00" name="beforeMethod" finished-at="2024-01-07T04:58:07 GMT-05:00" duration-ms="7079" status="PASS">
          <params>
            <param index="0">
              <value>
                <![CDATA[chrome]]>
              </value>
            </param>
            <param index="1">
              <value>
                <![CDATA[public void qa.test.TestCase1.sampleMethodForCredentialsEntry()]]>
              </value>
            </param>
          </params>
          <reporter-output>
          </reporter-output>
        </test-method> <!-- beforeMethod -->
        <test-method signature="sampleMethodForCredentialsEntry()[pri:0, instance:qa.test.TestCase1@3e8c3cb]" started-at="2024-01-07T04:58:07 GMT-05:00" name="sampleMethodForCredentialsEntry" finished-at="2024-01-07T04:58:11 GMT-05:00" duration-ms="4322" status="PASS">
          <reporter-output>
          </reporter-output>
        </test-method> <!-- sampleMethodForCredentialsEntry -->
        <test-method is-config="true" signature="afterMethod(org.testng.ITestResult)[pri:0, instance:qa.test.TestCase1@3e8c3cb]" started-at="2024-01-07T04:58:11 GMT-05:00" name="afterMethod" finished-at="2024-01-07T04:58:12 GMT-05:00" duration-ms="246" status="PASS">
          <params>
            <param index="0">
              <value>
                <![CDATA[[TestResult name=sampleMethodForCredentialsEntry status=SUCCESS method=TestCase1.sampleMethodForCredentialsEntry()[pri:0, instance:qa.test.TestCase1@3e8c3cb] output={null}]]]>
              </value>
            </param>
          </params>
          <reporter-output>
          </reporter-output>
        </test-method> <!-- afterMethod -->
        <test-method is-config="true" signature="afterTest()[pri:0, instance:qa.test.TestCase1@3e8c3cb]" started-at="2024-01-07T04:58:12 GMT-05:00" name="afterTest" finished-at="2024-01-07T04:58:12 GMT-05:00" duration-ms="559" status="PASS">
          <reporter-output>
          </reporter-output>
        </test-method> <!-- afterTest -->
      </class> <!-- qa.test.TestCase1 -->
    </test> <!-- ChromeTest -->
    <test started-at="2024-01-07T04:58:12 GMT-05:00" name="EdgeTest" finished-at="2024-01-07T04:58:52 GMT-05:00" duration-ms="39644">
      <class name="qa.test.TestCase1">
        <test-method is-config="true" signature="beforeTestMethod()[pri:0, instance:qa.test.TestCase1@48bb62]" started-at="2024-01-07T04:58:12 GMT-05:00" name="beforeTestMethod" finished-at="2024-01-07T04:58:12 GMT-05:00" duration-ms="2" status="PASS">
          <reporter-output>
          </reporter-output>
        </test-method> <!-- beforeTestMethod -->
        <test-method is-config="true" signature="beforeMethod(java.lang.String,java.lang.reflect.Method)[pri:0, instance:qa.test.TestCase1@48bb62]" started-at="2024-01-07T04:58:12 GMT-05:00" name="beforeMethod" finished-at="2024-01-07T04:58:23 GMT-05:00" duration-ms="10956" status="PASS">
          <params>
            <param index="0">
              <value>
                <![CDATA[edge]]>
              </value>
            </param>
            <param index="1">
              <value>
                <![CDATA[public void qa.test.TestCase1.sampleMethodForCredentialsEntry()]]>
              </value>
            </param>
          </params>
          <reporter-output>
          </reporter-output>
        </test-method> <!-- beforeMethod -->
        <test-method signature="sampleMethodForCredentialsEntry()[pri:0, instance:qa.test.TestCase1@48bb62]" started-at="2024-01-07T04:58:23 GMT-05:00" name="sampleMethodForCredentialsEntry" finished-at="2024-01-07T04:58:52 GMT-05:00" duration-ms="28324" status="PASS">
          <reporter-output>
          </reporter-output>
        </test-method> <!-- sampleMethodForCredentialsEntry -->
        <test-method is-config="true" signature="afterMethod(org.testng.ITestResult)[pri:0, instance:qa.test.TestCase1@48bb62]" started-at="2024-01-07T04:58:52 GMT-05:00" name="afterMethod" finished-at="2024-01-07T04:58:52 GMT-05:00" duration-ms="264" status="PASS">
          <params>
            <param index="0">
              <value>
                <![CDATA[[TestResult name=sampleMethodForCredentialsEntry status=SUCCESS method=TestCase1.sampleMethodForCredentialsEntry()[pri:0, instance:qa.test.TestCase1@48bb62] output={null}]]]>
              </value>
            </param>
          </params>
          <reporter-output>
          </reporter-output>
        </test-method> <!-- afterMethod -->
        <test-method is-config="true" signature="afterTest()[pri:0, instance:qa.test.TestCase1@48bb62]" started-at="2024-01-07T04:58:52 GMT-05:00" name="afterTest" finished-at="2024-01-07T04:58:52 GMT-05:00" duration-ms="88" status="PASS">
          <reporter-output>
          </reporter-output>
        </test-method> <!-- afterTest -->
      </class> <!-- qa.test.TestCase1 -->
    </test> <!-- EdgeTest -->
  </suite> <!-- Suite -->
</testng-results>
